INFO:root:---- 03/04/2015 - 14:30:47 ----
INFO:root:Topology generated, with 13 datacentres
INFO:root:rrScheduler scheduler created
INFO:root:Simulation started
DEBUG:root:----- [0]-----
DEBUG:root:Coordinator - Handling apps: ['A0'], runnings apps: [] 
DEBUG:root:Coordinator - Evaluating A0
DEBUG:root:Coordinator - A0 is NOT running : Net runnings apps ['A0']
DEBUG:root:Coordinator - Current apps from workload: ['A0']
DEBUG:root:Coordinator - apps needs to be scheduled : ['A0'] 
DEBUG:root:rrScheduler - attempting to schedule ['A0']
ERROR:root:rrScheduler - failed to schedule A0, DC overload [inf, inf, inf, inf, inf, inf, inf, inf, inf, inf, inf, inf, inf] 
DEBUG:root:----- [1]-----
DEBUG:root:Coordinator - Handling apps: ['A0'], runnings apps: [] 
DEBUG:root:Coordinator - Evaluating A0
DEBUG:root:Coordinator - A0 is NOT running : Net runnings apps ['A0']
DEBUG:root:Coordinator - Current apps from workload: ['A0']
DEBUG:root:Coordinator - apps needs to be scheduled : ['A0'] 
DEBUG:root:rrScheduler - attempting to schedule ['A0']
ERROR:root:rrScheduler - failed to schedule A0, DC overload [inf, inf, inf, inf, inf, inf, inf, inf, inf, inf, inf, inf, inf] 
DEBUG:root:----- [2]-----
DEBUG:root:Coordinator - Handling apps: ['A0'], runnings apps: [] 
DEBUG:root:Coordinator - Evaluating A0
DEBUG:root:Coordinator - A0 is NOT running : Net runnings apps ['A0']
DEBUG:root:Coordinator - Current apps from workload: ['A0']
DEBUG:root:Coordinator - apps needs to be scheduled : ['A0'] 
DEBUG:root:rrScheduler - attempting to schedule ['A0']
ERROR:root:rrScheduler - failed to schedule A0, DC overload [inf, inf, inf, inf, inf, inf, inf, inf, inf, inf, inf, inf, inf] 
DEBUG:root:----- [3]-----
DEBUG:root:Coordinator - Handling apps: ['A0'], runnings apps: [] 
DEBUG:root:Coordinator - Evaluating A0
DEBUG:root:Coordinator - A0 is NOT running : Net runnings apps ['A0']
DEBUG:root:Coordinator - Current apps from workload: ['A0']
DEBUG:root:Coordinator - apps needs to be scheduled : ['A0'] 
DEBUG:root:rrScheduler - attempting to schedule ['A0']
DEBUG:root:rrScheduler - scheduled A0 in DC5 with overload 36.443299, [36.46370713233748, 36.484115295602784, 36.52556280244057, 36.52556280244057, 36.525562802440575, 36.51504313065433, 36.51504313065433, 36.51504313065433, 36.443298969072174, 36.463707132337476, 36.463707132337476, 36.46370713233748, 36.494634967389025]
DEBUG:root:----- [4]-----
DEBUG:root:Coordinator - Handling apps: ['A0'], runnings apps: ['A0'] 
DEBUG:root:Coordinator - Evaluating A0
DEBUG:root:Coordinator - A0 is running
DEBUG:root:Coordinator - Node: 1, User: 0
DEBUG:root:Coordinator - Returning path for A0 from 1 and DC5 with 0 users: ['1', 'LINK2', 'LINK3', 'LINK6', 'LINK13', 'DC5']
DEBUG:root:Coordinator - Node: 0, User: 0
DEBUG:root:Coordinator - Returning path for A0 from 0 and DC5 with 0 users: ['0', 'LINK0', 'LINK1', 'LINK6', 'LINK13', 'DC5']
DEBUG:root:Coordinator - Node: 3, User: 0
DEBUG:root:Coordinator - Returning path for A0 from 3 and DC5 with 0 users: ['3', 'LINK7', 'LINK8', 'DC5']
DEBUG:root:Coordinator - Node: 2, User: 0
DEBUG:root:Coordinator - Returning path for A0 from 2 and DC5 with 0 users: ['2', 'LINK4', 'LINK5', 'LINK6', 'LINK13', 'DC5']
DEBUG:root:Coordinator - Node: 5, User: 0
DEBUG:root:Coordinator - Returning path for A0 from 5 and DC5 with 0 users: ['5', 'LINK11', 'LINK12', 'DC5']
DEBUG:root:Coordinator - Node: 4, User: 1
DEBUG:root:Coordinator - Returning path for A0 from 4 and DC5 with 1 users: ['4', 'LINK9', 'LINK10', 'DC5']
DEBUG:root:Coordinator - Node: 7, User: 0
DEBUG:root:Coordinator - Returning path for A0 from 7 and DC5 with 0 users: ['7', 'LINK16', 'LINK17', 'LINK20', 'LINK13', 'DC5']
DEBUG:root:Coordinator - Node: 6, User: 0
DEBUG:root:Coordinator - Returning path for A0 from 6 and DC5 with 0 users: ['6', 'LINK14', 'LINK15', 'LINK20', 'LINK13', 'DC5']
DEBUG:root:Coordinator - Node: 8, User: 0
DEBUG:root:Coordinator - Returning path for A0 from 8 and DC5 with 0 users: ['8', 'LINK18', 'LINK19', 'LINK20', 'LINK13', 'DC5']
DEBUG:root:Coordinator - Current apps from workload: ['A0']
DEBUG:root:Coordinator - apps need to be removed: []
DEBUG:root:Coordinator - apps needs to be scheduled : [] 
DEBUG:root:rrScheduler - attempting to schedule []
DEBUG:root:----- [5]-----
DEBUG:root:Coordinator - Handling apps: ['A0'], runnings apps: ['A0'] 
DEBUG:root:Coordinator - Evaluating A0
DEBUG:root:Coordinator - A0 is running
DEBUG:root:Coordinator - Node: 1, User: 0
DEBUG:root:Coordinator - Returning path for A0 from 1 and DC5 with 0 users: ['1', 'LINK2', 'LINK3', 'LINK6', 'LINK13', 'DC5']
DEBUG:root:Coordinator - Node: 0, User: 0
DEBUG:root:Coordinator - Returning path for A0 from 0 and DC5 with 0 users: ['0', 'LINK0', 'LINK1', 'LINK6', 'LINK13', 'DC5']
DEBUG:root:Coordinator - Node: 3, User: 1
DEBUG:root:Coordinator - Returning path for A0 from 3 and DC5 with 1 users: ['3', 'LINK7', 'LINK8', 'DC5']
DEBUG:root:Coordinator - Node: 2, User: 0
DEBUG:root:Coordinator - Returning path for A0 from 2 and DC5 with 0 users: ['2', 'LINK4', 'LINK5', 'LINK6', 'LINK13', 'DC5']
DEBUG:root:Coordinator - Node: 5, User: 1
DEBUG:root:Coordinator - Returning path for A0 from 5 and DC5 with 1 users: ['5', 'LINK11', 'LINK12', 'DC5']
DEBUG:root:Coordinator - Node: 4, User: 1
DEBUG:root:Coordinator - Returning path for A0 from 4 and DC5 with 1 users: ['4', 'LINK9', 'LINK10', 'DC5']
DEBUG:root:Coordinator - Node: 7, User: 0
DEBUG:root:Coordinator - Returning path for A0 from 7 and DC5 with 0 users: ['7', 'LINK16', 'LINK17', 'LINK20', 'LINK13', 'DC5']
DEBUG:root:Coordinator - Node: 6, User: 0
DEBUG:root:Coordinator - Returning path for A0 from 6 and DC5 with 0 users: ['6', 'LINK14', 'LINK15', 'LINK20', 'LINK13', 'DC5']
DEBUG:root:Coordinator - Node: 8, User: 0
DEBUG:root:Coordinator - Returning path for A0 from 8 and DC5 with 0 users: ['8', 'LINK18', 'LINK19', 'LINK20', 'LINK13', 'DC5']
DEBUG:root:Coordinator - Current apps from workload: ['A0']
DEBUG:root:Coordinator - apps need to be removed: []
DEBUG:root:Coordinator - apps needs to be scheduled : [] 
DEBUG:root:rrScheduler - attempting to schedule []
DEBUG:root:----- [6]-----
DEBUG:root:Coordinator - Handling apps: ['A0'], runnings apps: ['A0'] 
DEBUG:root:Coordinator - Evaluating A0
DEBUG:root:Coordinator - A0 is running
DEBUG:root:Coordinator - Node: 1, User: 0
DEBUG:root:Coordinator - Returning path for A0 from 1 and DC5 with 0 users: ['1', 'LINK2', 'LINK3', 'LINK6', 'LINK13', 'DC5']
DEBUG:root:Coordinator - Node: 0, User: 0
DEBUG:root:Coordinator - Returning path for A0 from 0 and DC5 with 0 users: ['0', 'LINK0', 'LINK1', 'LINK6', 'LINK13', 'DC5']
DEBUG:root:Coordinator - Node: 3, User: 1
DEBUG:root:Coordinator - Returning path for A0 from 3 and DC5 with 1 users: ['3', 'LINK7', 'LINK8', 'DC5']
DEBUG:root:Coordinator - Node: 2, User: 1
DEBUG:root:Coordinator - Returning path for A0 from 2 and DC5 with 1 users: ['2', 'LINK4', 'LINK5', 'LINK6', 'LINK13', 'DC5']
DEBUG:root:Coordinator - Node: 5, User: 1
DEBUG:root:Coordinator - Returning path for A0 from 5 and DC5 with 1 users: ['5', 'LINK11', 'LINK12', 'DC5']
DEBUG:root:Coordinator - Node: 4, User: 1
DEBUG:root:Coordinator - Returning path for A0 from 4 and DC5 with 1 users: ['4', 'LINK9', 'LINK10', 'DC5']
DEBUG:root:Coordinator - Node: 7, User: 0
DEBUG:root:Coordinator - Returning path for A0 from 7 and DC5 with 0 users: ['7', 'LINK16', 'LINK17', 'LINK20', 'LINK13', 'DC5']
DEBUG:root:Coordinator - Node: 6, User: 1
DEBUG:root:Coordinator - Returning path for A0 from 6 and DC5 with 1 users: ['6', 'LINK14', 'LINK15', 'LINK20', 'LINK13', 'DC5']
DEBUG:root:Coordinator - Node: 8, User: 0
DEBUG:root:Coordinator - Returning path for A0 from 8 and DC5 with 0 users: ['8', 'LINK18', 'LINK19', 'LINK20', 'LINK13', 'DC5']
DEBUG:root:Coordinator - Current apps from workload: ['A0']
DEBUG:root:Coordinator - apps need to be removed: []
DEBUG:root:Coordinator - apps needs to be scheduled : [] 
DEBUG:root:rrScheduler - attempting to schedule []
DEBUG:root:----- [7]-----
DEBUG:root:Coordinator - Handling apps: ['A0'], runnings apps: ['A0'] 
DEBUG:root:Coordinator - Evaluating A0
DEBUG:root:Coordinator - A0 is running
DEBUG:root:Coordinator - Node: 1, User: 1
DEBUG:root:Coordinator - Returning path for A0 from 1 and DC5 with 1 users: ['1', 'LINK2', 'LINK3', 'LINK6', 'LINK13', 'DC5']
DEBUG:root:Coordinator - Node: 0, User: 0
DEBUG:root:Coordinator - Returning path for A0 from 0 and DC5 with 0 users: ['0', 'LINK0', 'LINK1', 'LINK6', 'LINK13', 'DC5']
DEBUG:root:Coordinator - Node: 3, User: 1
DEBUG:root:Coordinator - Returning path for A0 from 3 and DC5 with 1 users: ['3', 'LINK7', 'LINK8', 'DC5']
DEBUG:root:Coordinator - Node: 2, User: 1
DEBUG:root:Coordinator - Returning path for A0 from 2 and DC5 with 1 users: ['2', 'LINK4', 'LINK5', 'LINK6', 'LINK13', 'DC5']
DEBUG:root:Coordinator - Node: 5, User: 1
DEBUG:root:Coordinator - Returning path for A0 from 5 and DC5 with 1 users: ['5', 'LINK11', 'LINK12', 'DC5']
DEBUG:root:Coordinator - Node: 4, User: 1
DEBUG:root:Coordinator - Returning path for A0 from 4 and DC5 with 1 users: ['4', 'LINK9', 'LINK10', 'DC5']
DEBUG:root:Coordinator - Node: 7, User: 1
DEBUG:root:Coordinator - Returning path for A0 from 7 and DC5 with 1 users: ['7', 'LINK16', 'LINK17', 'LINK20', 'LINK13', 'DC5']
DEBUG:root:Coordinator - Node: 6, User: 1
DEBUG:root:Coordinator - Returning path for A0 from 6 and DC5 with 1 users: ['6', 'LINK14', 'LINK15', 'LINK20', 'LINK13', 'DC5']
DEBUG:root:Coordinator - Node: 8, User: 0
DEBUG:root:Coordinator - Returning path for A0 from 8 and DC5 with 0 users: ['8', 'LINK18', 'LINK19', 'LINK20', 'LINK13', 'DC5']
DEBUG:root:Coordinator - Current apps from workload: ['A0']
DEBUG:root:Coordinator - apps need to be removed: []
DEBUG:root:Coordinator - apps needs to be scheduled : [] 
DEBUG:root:rrScheduler - attempting to schedule []
DEBUG:root:----- [8]-----
DEBUG:root:Coordinator - Handling apps: ['A0'], runnings apps: ['A0'] 
DEBUG:root:Coordinator - Evaluating A0
DEBUG:root:Coordinator - A0 is running
DEBUG:root:Coordinator - Node: 1, User: 1
DEBUG:root:Coordinator - Returning path for A0 from 1 and DC5 with 1 users: ['1', 'LINK2', 'LINK3', 'LINK6', 'LINK13', 'DC5']
DEBUG:root:Coordinator - Node: 0, User: 1
DEBUG:root:Coordinator - Returning path for A0 from 0 and DC5 with 1 users: ['0', 'LINK0', 'LINK1', 'LINK6', 'LINK13', 'DC5']
DEBUG:root:Coordinator - Node: 3, User: 1
DEBUG:root:Coordinator - Returning path for A0 from 3 and DC5 with 1 users: ['3', 'LINK7', 'LINK8', 'DC5']
DEBUG:root:Coordinator - Node: 2, User: 1
DEBUG:root:Coordinator - Returning path for A0 from 2 and DC5 with 1 users: ['2', 'LINK4', 'LINK5', 'LINK6', 'LINK13', 'DC5']
DEBUG:root:Coordinator - Node: 5, User: 1
DEBUG:root:Coordinator - Returning path for A0 from 5 and DC5 with 1 users: ['5', 'LINK11', 'LINK12', 'DC5']
DEBUG:root:Coordinator - Node: 4, User: 1
DEBUG:root:Coordinator - Returning path for A0 from 4 and DC5 with 1 users: ['4', 'LINK9', 'LINK10', 'DC5']
DEBUG:root:Coordinator - Node: 7, User: 1
DEBUG:root:Coordinator - Returning path for A0 from 7 and DC5 with 1 users: ['7', 'LINK16', 'LINK17', 'LINK20', 'LINK13', 'DC5']
DEBUG:root:Coordinator - Node: 6, User: 1
DEBUG:root:Coordinator - Returning path for A0 from 6 and DC5 with 1 users: ['6', 'LINK14', 'LINK15', 'LINK20', 'LINK13', 'DC5']
DEBUG:root:Coordinator - Node: 8, User: 1
DEBUG:root:Coordinator - Returning path for A0 from 8 and DC5 with 1 users: ['8', 'LINK18', 'LINK19', 'LINK20', 'LINK13', 'DC5']
DEBUG:root:Coordinator - Current apps from workload: ['A0']
DEBUG:root:Coordinator - apps need to be removed: []
DEBUG:root:Coordinator - apps needs to be scheduled : [] 
DEBUG:root:rrScheduler - attempting to schedule []
DEBUG:root:----- [9]-----
DEBUG:root:Coordinator - Handling apps: ['A0'], runnings apps: ['A0'] 
DEBUG:root:Coordinator - Evaluating A0
DEBUG:root:Coordinator - A0 is running
DEBUG:root:Coordinator - Node: 1, User: 1
DEBUG:root:Coordinator - Returning path for A0 from 1 and DC5 with 1 users: ['1', 'LINK2', 'LINK3', 'LINK6', 'LINK13', 'DC5']
DEBUG:root:Coordinator - Node: 0, User: 1
DEBUG:root:Coordinator - Returning path for A0 from 0 and DC5 with 1 users: ['0', 'LINK0', 'LINK1', 'LINK6', 'LINK13', 'DC5']
DEBUG:root:Coordinator - Node: 3, User: 1
DEBUG:root:Coordinator - Returning path for A0 from 3 and DC5 with 1 users: ['3', 'LINK7', 'LINK8', 'DC5']
DEBUG:root:Coordinator - Node: 2, User: 1
DEBUG:root:Coordinator - Returning path for A0 from 2 and DC5 with 1 users: ['2', 'LINK4', 'LINK5', 'LINK6', 'LINK13', 'DC5']
DEBUG:root:Coordinator - Node: 5, User: 1
DEBUG:root:Coordinator - Returning path for A0 from 5 and DC5 with 1 users: ['5', 'LINK11', 'LINK12', 'DC5']
DEBUG:root:Coordinator - Node: 4, User: 0
DEBUG:root:Coordinator - Returning path for A0 from 4 and DC5 with 0 users: ['4', 'LINK9', 'LINK10', 'DC5']
DEBUG:root:Coordinator - Node: 7, User: 1
DEBUG:root:Coordinator - Returning path for A0 from 7 and DC5 with 1 users: ['7', 'LINK16', 'LINK17', 'LINK20', 'LINK13', 'DC5']
DEBUG:root:Coordinator - Node: 6, User: 1
DEBUG:root:Coordinator - Returning path for A0 from 6 and DC5 with 1 users: ['6', 'LINK14', 'LINK15', 'LINK20', 'LINK13', 'DC5']
DEBUG:root:Coordinator - Node: 8, User: 1
DEBUG:root:Coordinator - Returning path for A0 from 8 and DC5 with 1 users: ['8', 'LINK18', 'LINK19', 'LINK20', 'LINK13', 'DC5']
DEBUG:root:Coordinator - Current apps from workload: ['A0']
DEBUG:root:Coordinator - apps need to be removed: []
DEBUG:root:Coordinator - apps needs to be scheduled : [] 
DEBUG:root:rrScheduler - attempting to schedule []
DEBUG:root:----- [10]-----
DEBUG:root:Coordinator - Handling apps: ['A0'], runnings apps: ['A0'] 
DEBUG:root:Coordinator - Evaluating A0
DEBUG:root:Coordinator - A0 is running
DEBUG:root:Coordinator - Node: 1, User: 1
DEBUG:root:Coordinator - Returning path for A0 from 1 and DC5 with 1 users: ['1', 'LINK2', 'LINK3', 'LINK6', 'LINK13', 'DC5']
DEBUG:root:Coordinator - Node: 0, User: 1
DEBUG:root:Coordinator - Returning path for A0 from 0 and DC5 with 1 users: ['0', 'LINK0', 'LINK1', 'LINK6', 'LINK13', 'DC5']
DEBUG:root:Coordinator - Node: 3, User: 0
DEBUG:root:Coordinator - Returning path for A0 from 3 and DC5 with 0 users: ['3', 'LINK7', 'LINK8', 'DC5']
DEBUG:root:Coordinator - Node: 2, User: 1
DEBUG:root:Coordinator - Returning path for A0 from 2 and DC5 with 1 users: ['2', 'LINK4', 'LINK5', 'LINK6', 'LINK13', 'DC5']
DEBUG:root:Coordinator - Node: 5, User: 0
DEBUG:root:Coordinator - Returning path for A0 from 5 and DC5 with 0 users: ['5', 'LINK11', 'LINK12', 'DC5']
DEBUG:root:Coordinator - Node: 4, User: 0
DEBUG:root:Coordinator - Returning path for A0 from 4 and DC5 with 0 users: ['4', 'LINK9', 'LINK10', 'DC5']
DEBUG:root:Coordinator - Node: 7, User: 1
DEBUG:root:Coordinator - Returning path for A0 from 7 and DC5 with 1 users: ['7', 'LINK16', 'LINK17', 'LINK20', 'LINK13', 'DC5']
DEBUG:root:Coordinator - Node: 6, User: 1
DEBUG:root:Coordinator - Returning path for A0 from 6 and DC5 with 1 users: ['6', 'LINK14', 'LINK15', 'LINK20', 'LINK13', 'DC5']
DEBUG:root:Coordinator - Node: 8, User: 1
DEBUG:root:Coordinator - Returning path for A0 from 8 and DC5 with 1 users: ['8', 'LINK18', 'LINK19', 'LINK20', 'LINK13', 'DC5']
DEBUG:root:Coordinator - Current apps from workload: ['A0']
DEBUG:root:Coordinator - apps need to be removed: []
DEBUG:root:Coordinator - apps needs to be scheduled : [] 
DEBUG:root:rrScheduler - attempting to schedule []
DEBUG:root:----- [11]-----
DEBUG:root:Coordinator - Handling apps: ['A0'], runnings apps: ['A0'] 
DEBUG:root:Coordinator - Evaluating A0
DEBUG:root:Coordinator - A0 is running
DEBUG:root:Coordinator - Node: 1, User: 1
DEBUG:root:Coordinator - Returning path for A0 from 1 and DC5 with 1 users: ['1', 'LINK2', 'LINK3', 'LINK6', 'LINK13', 'DC5']
DEBUG:root:Coordinator - Node: 0, User: 1
DEBUG:root:Coordinator - Returning path for A0 from 0 and DC5 with 1 users: ['0', 'LINK0', 'LINK1', 'LINK6', 'LINK13', 'DC5']
DEBUG:root:Coordinator - Node: 3, User: 0
DEBUG:root:Coordinator - Returning path for A0 from 3 and DC5 with 0 users: ['3', 'LINK7', 'LINK8', 'DC5']
DEBUG:root:Coordinator - Node: 2, User: 0
DEBUG:root:Coordinator - Returning path for A0 from 2 and DC5 with 0 users: ['2', 'LINK4', 'LINK5', 'LINK6', 'LINK13', 'DC5']
DEBUG:root:Coordinator - Node: 5, User: 0
DEBUG:root:Coordinator - Returning path for A0 from 5 and DC5 with 0 users: ['5', 'LINK11', 'LINK12', 'DC5']
DEBUG:root:Coordinator - Node: 4, User: 0
DEBUG:root:Coordinator - Returning path for A0 from 4 and DC5 with 0 users: ['4', 'LINK9', 'LINK10', 'DC5']
DEBUG:root:Coordinator - Node: 7, User: 1
DEBUG:root:Coordinator - Returning path for A0 from 7 and DC5 with 1 users: ['7', 'LINK16', 'LINK17', 'LINK20', 'LINK13', 'DC5']
DEBUG:root:Coordinator - Node: 6, User: 0
DEBUG:root:Coordinator - Returning path for A0 from 6 and DC5 with 0 users: ['6', 'LINK14', 'LINK15', 'LINK20', 'LINK13', 'DC5']
DEBUG:root:Coordinator - Node: 8, User: 1
DEBUG:root:Coordinator - Returning path for A0 from 8 and DC5 with 1 users: ['8', 'LINK18', 'LINK19', 'LINK20', 'LINK13', 'DC5']
DEBUG:root:Coordinator - Current apps from workload: ['A0']
DEBUG:root:Coordinator - apps need to be removed: []
DEBUG:root:Coordinator - apps needs to be scheduled : [] 
DEBUG:root:rrScheduler - attempting to schedule []
DEBUG:root:----- [12]-----
DEBUG:root:Coordinator - Handling apps: ['A0'], runnings apps: ['A0'] 
DEBUG:root:Coordinator - Evaluating A0
DEBUG:root:Coordinator - A0 is running
DEBUG:root:Coordinator - Node: 1, User: 0
DEBUG:root:Coordinator - Returning path for A0 from 1 and DC5 with 0 users: ['1', 'LINK2', 'LINK3', 'LINK6', 'LINK13', 'DC5']
DEBUG:root:Coordinator - Node: 0, User: 1
DEBUG:root:Coordinator - Returning path for A0 from 0 and DC5 with 1 users: ['0', 'LINK0', 'LINK1', 'LINK6', 'LINK13', 'DC5']
DEBUG:root:Coordinator - Node: 3, User: 0
DEBUG:root:Coordinator - Returning path for A0 from 3 and DC5 with 0 users: ['3', 'LINK7', 'LINK8', 'DC5']
DEBUG:root:Coordinator - Node: 2, User: 0
DEBUG:root:Coordinator - Returning path for A0 from 2 and DC5 with 0 users: ['2', 'LINK4', 'LINK5', 'LINK6', 'LINK13', 'DC5']
DEBUG:root:Coordinator - Node: 5, User: 0
DEBUG:root:Coordinator - Returning path for A0 from 5 and DC5 with 0 users: ['5', 'LINK11', 'LINK12', 'DC5']
DEBUG:root:Coordinator - Node: 4, User: 0
DEBUG:root:Coordinator - Returning path for A0 from 4 and DC5 with 0 users: ['4', 'LINK9', 'LINK10', 'DC5']
DEBUG:root:Coordinator - Node: 7, User: 0
DEBUG:root:Coordinator - Returning path for A0 from 7 and DC5 with 0 users: ['7', 'LINK16', 'LINK17', 'LINK20', 'LINK13', 'DC5']
DEBUG:root:Coordinator - Node: 6, User: 0
DEBUG:root:Coordinator - Returning path for A0 from 6 and DC5 with 0 users: ['6', 'LINK14', 'LINK15', 'LINK20', 'LINK13', 'DC5']
DEBUG:root:Coordinator - Node: 8, User: 1
DEBUG:root:Coordinator - Returning path for A0 from 8 and DC5 with 1 users: ['8', 'LINK18', 'LINK19', 'LINK20', 'LINK13', 'DC5']
DEBUG:root:Coordinator - Current apps from workload: ['A0']
DEBUG:root:Coordinator - apps need to be removed: []
DEBUG:root:Coordinator - apps needs to be scheduled : [] 
DEBUG:root:rrScheduler - attempting to schedule []
DEBUG:root:----- [13]-----
DEBUG:root:Coordinator - Handling apps: ['A0'], runnings apps: ['A0'] 
DEBUG:root:Coordinator - Evaluating A0
DEBUG:root:Coordinator - A0 is running
DEBUG:root:Coordinator - Node: 1, User: 0
DEBUG:root:Coordinator - Returning path for A0 from 1 and DC5 with 0 users: ['1', 'LINK2', 'LINK3', 'LINK6', 'LINK13', 'DC5']
DEBUG:root:Coordinator - Node: 0, User: 0
DEBUG:root:Coordinator - Returning path for A0 from 0 and DC5 with 0 users: ['0', 'LINK0', 'LINK1', 'LINK6', 'LINK13', 'DC5']
DEBUG:root:Coordinator - Node: 3, User: 0
DEBUG:root:Coordinator - Returning path for A0 from 3 and DC5 with 0 users: ['3', 'LINK7', 'LINK8', 'DC5']
DEBUG:root:Coordinator - Node: 2, User: 0
DEBUG:root:Coordinator - Returning path for A0 from 2 and DC5 with 0 users: ['2', 'LINK4', 'LINK5', 'LINK6', 'LINK13', 'DC5']
DEBUG:root:Coordinator - Node: 5, User: 0
DEBUG:root:Coordinator - Returning path for A0 from 5 and DC5 with 0 users: ['5', 'LINK11', 'LINK12', 'DC5']
DEBUG:root:Coordinator - Node: 4, User: 0
DEBUG:root:Coordinator - Returning path for A0 from 4 and DC5 with 0 users: ['4', 'LINK9', 'LINK10', 'DC5']
DEBUG:root:Coordinator - Node: 7, User: 0
DEBUG:root:Coordinator - Returning path for A0 from 7 and DC5 with 0 users: ['7', 'LINK16', 'LINK17', 'LINK20', 'LINK13', 'DC5']
DEBUG:root:Coordinator - Node: 6, User: 0
DEBUG:root:Coordinator - Returning path for A0 from 6 and DC5 with 0 users: ['6', 'LINK14', 'LINK15', 'LINK20', 'LINK13', 'DC5']
DEBUG:root:Coordinator - Node: 8, User: 0
DEBUG:root:Coordinator - Returning path for A0 from 8 and DC5 with 0 users: ['8', 'LINK18', 'LINK19', 'LINK20', 'LINK13', 'DC5']
DEBUG:root:Coordinator - Current apps from workload: ['A0']
DEBUG:root:Coordinator - apps need to be removed: []
DEBUG:root:Coordinator - apps needs to be scheduled : [] 
DEBUG:root:rrScheduler - attempting to schedule []
DEBUG:root:----- [14]-----
DEBUG:root:Coordinator - Handling apps: ['A0'], runnings apps: ['A0'] 
DEBUG:root:Coordinator - Evaluating A0
DEBUG:root:Coordinator - A0 is running
DEBUG:root:Coordinator - Node: 1, User: 13
DEBUG:root:Coordinator - Returning path for A0 from 1 and DC5 with 13 users: ['1', 'LINK2', 'LINK3', 'LINK6', 'LINK13', 'DC5']
DEBUG:root:Coordinator - Node: 0, User: 8
DEBUG:root:Coordinator - Returning path for A0 from 0 and DC5 with 8 users: ['0', 'LINK0', 'LINK1', 'LINK6', 'LINK13', 'DC5']
DEBUG:root:Coordinator - Node: 3, User: 46
DEBUG:root:Coordinator - Returning path for A0 from 3 and DC5 with 46 users: ['3', 'LINK7', 'LINK8', 'DC5']
DEBUG:root:Coordinator - Node: 2, User: 26
DEBUG:root:Coordinator - Returning path for A0 from 2 and DC5 with 26 users: ['2', 'LINK4', 'LINK5', 'LINK6', 'LINK13', 'DC5']
DEBUG:root:Coordinator - Node: 5, User: 46
DEBUG:root:Coordinator - Returning path for A0 from 5 and DC5 with 46 users: ['5', 'LINK11', 'LINK12', 'DC5']
DEBUG:root:Coordinator - Node: 4, User: 56
DEBUG:root:Coordinator - Returning path for A0 from 4 and DC5 with 56 users: ['4', 'LINK9', 'LINK10', 'DC5']
DEBUG:root:Coordinator - Node: 7, User: 13
DEBUG:root:Coordinator - Returning path for A0 from 7 and DC5 with 13 users: ['7', 'LINK16', 'LINK17', 'LINK20', 'LINK13', 'DC5']
DEBUG:root:Coordinator - Node: 6, User: 26
DEBUG:root:Coordinator - Returning path for A0 from 6 and DC5 with 26 users: ['6', 'LINK14', 'LINK15', 'LINK20', 'LINK13', 'DC5']
DEBUG:root:Coordinator - Node: 8, User: 8
DEBUG:root:Coordinator - Returning path for A0 from 8 and DC5 with 8 users: ['8', 'LINK18', 'LINK19', 'LINK20', 'LINK13', 'DC5']
DEBUG:root:Coordinator - Current apps from workload: ['A0']
DEBUG:root:Coordinator - apps need to be removed: []
DEBUG:root:Coordinator - apps needs to be scheduled : [] 
DEBUG:root:rrScheduler - attempting to schedule []
DEBUG:root:----- [15]-----
DEBUG:root:Coordinator - Handling apps: ['A0'], runnings apps: ['A0'] 
DEBUG:root:Coordinator - Evaluating A0
DEBUG:root:Coordinator - A0 is running
DEBUG:root:Coordinator - Node: 1, User: 13
DEBUG:root:Coordinator - Returning path for A0 from 1 and DC5 with 13 users: ['1', 'LINK2', 'LINK3', 'LINK6', 'LINK13', 'DC5']
DEBUG:root:Coordinator - Node: 0, User: 7
DEBUG:root:Coordinator - Returning path for A0 from 0 and DC5 with 7 users: ['0', 'LINK0', 'LINK1', 'LINK6', 'LINK13', 'DC5']
DEBUG:root:Coordinator - Node: 3, User: 46
DEBUG:root:Coordinator - Returning path for A0 from 3 and DC5 with 46 users: ['3', 'LINK7', 'LINK8', 'DC5']
DEBUG:root:Coordinator - Node: 2, User: 26
DEBUG:root:Coordinator - Returning path for A0 from 2 and DC5 with 26 users: ['2', 'LINK4', 'LINK5', 'LINK6', 'LINK13', 'DC5']
DEBUG:root:Coordinator - Node: 5, User: 46
DEBUG:root:Coordinator - Returning path for A0 from 5 and DC5 with 46 users: ['5', 'LINK11', 'LINK12', 'DC5']
DEBUG:root:Coordinator - Node: 4, User: 57
DEBUG:root:Coordinator - Returning path for A0 from 4 and DC5 with 57 users: ['4', 'LINK9', 'LINK10', 'DC5']
DEBUG:root:Coordinator - Node: 7, User: 13
DEBUG:root:Coordinator - Returning path for A0 from 7 and DC5 with 13 users: ['7', 'LINK16', 'LINK17', 'LINK20', 'LINK13', 'DC5']
DEBUG:root:Coordinator - Node: 6, User: 26
DEBUG:root:Coordinator - Returning path for A0 from 6 and DC5 with 26 users: ['6', 'LINK14', 'LINK15', 'LINK20', 'LINK13', 'DC5']
DEBUG:root:Coordinator - Node: 8, User: 7
DEBUG:root:Coordinator - Returning path for A0 from 8 and DC5 with 7 users: ['8', 'LINK18', 'LINK19', 'LINK20', 'LINK13', 'DC5']
DEBUG:root:Coordinator - Current apps from workload: ['A0']
DEBUG:root:Coordinator - apps need to be removed: []
DEBUG:root:Coordinator - apps needs to be scheduled : [] 
DEBUG:root:rrScheduler - attempting to schedule []
DEBUG:root:----- [16]-----
DEBUG:root:Coordinator - Handling apps: ['A0'], runnings apps: ['A0'] 
DEBUG:root:Coordinator - Evaluating A0
DEBUG:root:Coordinator - A0 is running
DEBUG:root:Coordinator - Node: 1, User: 12
DEBUG:root:Coordinator - Returning path for A0 from 1 and DC5 with 12 users: ['1', 'LINK2', 'LINK3', 'LINK6', 'LINK13', 'DC5']
DEBUG:root:Coordinator - Node: 0, User: 6
DEBUG:root:Coordinator - Returning path for A0 from 0 and DC5 with 6 users: ['0', 'LINK0', 'LINK1', 'LINK6', 'LINK13', 'DC5']
DEBUG:root:Coordinator - Node: 3, User: 47
DEBUG:root:Coordinator - Returning path for A0 from 3 and DC5 with 47 users: ['3', 'LINK7', 'LINK8', 'DC5']
DEBUG:root:Coordinator - Node: 2, User: 26
DEBUG:root:Coordinator - Returning path for A0 from 2 and DC5 with 26 users: ['2', 'LINK4', 'LINK5', 'LINK6', 'LINK13', 'DC5']
DEBUG:root:Coordinator - Node: 5, User: 47
DEBUG:root:Coordinator - Returning path for A0 from 5 and DC5 with 47 users: ['5', 'LINK11', 'LINK12', 'DC5']
DEBUG:root:Coordinator - Node: 4, User: 59
DEBUG:root:Coordinator - Returning path for A0 from 4 and DC5 with 59 users: ['4', 'LINK9', 'LINK10', 'DC5']
DEBUG:root:Coordinator - Node: 7, User: 12
DEBUG:root:Coordinator - Returning path for A0 from 7 and DC5 with 12 users: ['7', 'LINK16', 'LINK17', 'LINK20', 'LINK13', 'DC5']
DEBUG:root:Coordinator - Node: 6, User: 26
DEBUG:root:Coordinator - Returning path for A0 from 6 and DC5 with 26 users: ['6', 'LINK14', 'LINK15', 'LINK20', 'LINK13', 'DC5']
DEBUG:root:Coordinator - Node: 8, User: 6
DEBUG:root:Coordinator - Returning path for A0 from 8 and DC5 with 6 users: ['8', 'LINK18', 'LINK19', 'LINK20', 'LINK13', 'DC5']
DEBUG:root:Coordinator - Current apps from workload: ['A0']
DEBUG:root:Coordinator - apps need to be removed: []
DEBUG:root:Coordinator - apps needs to be scheduled : [] 
DEBUG:root:rrScheduler - attempting to schedule []
DEBUG:root:----- [17]-----
DEBUG:root:Coordinator - Handling apps: ['A0'], runnings apps: ['A0'] 
DEBUG:root:Coordinator - Evaluating A0
DEBUG:root:Coordinator - A0 is running
DEBUG:root:Coordinator - Node: 1, User: 11
DEBUG:root:Coordinator - Returning path for A0 from 1 and DC5 with 11 users: ['1', 'LINK2', 'LINK3', 'LINK6', 'LINK13', 'DC5']
DEBUG:root:Coordinator - Node: 0, User: 5
DEBUG:root:Coordinator - Returning path for A0 from 0 and DC5 with 5 users: ['0', 'LINK0', 'LINK1', 'LINK6', 'LINK13', 'DC5']
DEBUG:root:Coordinator - Node: 3, User: 48
DEBUG:root:Coordinator - Returning path for A0 from 3 and DC5 with 48 users: ['3', 'LINK7', 'LINK8', 'DC5']
DEBUG:root:Coordinator - Node: 2, User: 26
DEBUG:root:Coordinator - Returning path for A0 from 2 and DC5 with 26 users: ['2', 'LINK4', 'LINK5', 'LINK6', 'LINK13', 'DC5']
DEBUG:root:Coordinator - Node: 5, User: 48
DEBUG:root:Coordinator - Returning path for A0 from 5 and DC5 with 48 users: ['5', 'LINK11', 'LINK12', 'DC5']
DEBUG:root:Coordinator - Node: 4, User: 60
DEBUG:root:Coordinator - Returning path for A0 from 4 and DC5 with 60 users: ['4', 'LINK9', 'LINK10', 'DC5']
DEBUG:root:Coordinator - Node: 7, User: 11
DEBUG:root:Coordinator - Returning path for A0 from 7 and DC5 with 11 users: ['7', 'LINK16', 'LINK17', 'LINK20', 'LINK13', 'DC5']
DEBUG:root:Coordinator - Node: 6, User: 26
DEBUG:root:Coordinator - Returning path for A0 from 6 and DC5 with 26 users: ['6', 'LINK14', 'LINK15', 'LINK20', 'LINK13', 'DC5']
DEBUG:root:Coordinator - Node: 8, User: 5
DEBUG:root:Coordinator - Returning path for A0 from 8 and DC5 with 5 users: ['8', 'LINK18', 'LINK19', 'LINK20', 'LINK13', 'DC5']
DEBUG:root:Coordinator - Current apps from workload: ['A0']
DEBUG:root:Coordinator - apps need to be removed: []
DEBUG:root:Coordinator - apps needs to be scheduled : [] 
DEBUG:root:rrScheduler - attempting to schedule []
DEBUG:root:----- [18]-----
DEBUG:root:Coordinator - Handling apps: ['A0'], runnings apps: ['A0'] 
DEBUG:root:Coordinator - Evaluating A0
DEBUG:root:Coordinator - A0 is running
DEBUG:root:Coordinator - Node: 1, User: 10
DEBUG:root:Coordinator - Returning path for A0 from 1 and DC5 with 10 users: ['1', 'LINK2', 'LINK3', 'LINK6', 'LINK13', 'DC5']
DEBUG:root:Coordinator - Node: 0, User: 5
DEBUG:root:Coordinator - Returning path for A0 from 0 and DC5 with 5 users: ['0', 'LINK0', 'LINK1', 'LINK6', 'LINK13', 'DC5']
DEBUG:root:Coordinator - Node: 3, User: 49
DEBUG:root:Coordinator - Returning path for A0 from 3 and DC5 with 49 users: ['3', 'LINK7', 'LINK8', 'DC5']
DEBUG:root:Coordinator - Node: 2, User: 26
DEBUG:root:Coordinator - Returning path for A0 from 2 and DC5 with 26 users: ['2', 'LINK4', 'LINK5', 'LINK6', 'LINK13', 'DC5']
DEBUG:root:Coordinator - Node: 5, User: 49
DEBUG:root:Coordinator - Returning path for A0 from 5 and DC5 with 49 users: ['5', 'LINK11', 'LINK12', 'DC5']
DEBUG:root:Coordinator - Node: 4, User: 62
DEBUG:root:Coordinator - Returning path for A0 from 4 and DC5 with 62 users: ['4', 'LINK9', 'LINK10', 'DC5']
DEBUG:root:Coordinator - Node: 7, User: 10
DEBUG:root:Coordinator - Returning path for A0 from 7 and DC5 with 10 users: ['7', 'LINK16', 'LINK17', 'LINK20', 'LINK13', 'DC5']
DEBUG:root:Coordinator - Node: 6, User: 26
DEBUG:root:Coordinator - Returning path for A0 from 6 and DC5 with 26 users: ['6', 'LINK14', 'LINK15', 'LINK20', 'LINK13', 'DC5']
DEBUG:root:Coordinator - Node: 8, User: 5
DEBUG:root:Coordinator - Returning path for A0 from 8 and DC5 with 5 users: ['8', 'LINK18', 'LINK19', 'LINK20', 'LINK13', 'DC5']
DEBUG:root:Coordinator - Current apps from workload: ['A0']
DEBUG:root:Coordinator - apps need to be removed: []
DEBUG:root:Coordinator - apps needs to be scheduled : [] 
DEBUG:root:rrScheduler - attempting to schedule []
DEBUG:root:----- [19]-----
DEBUG:root:Coordinator - Handling apps: ['A0'], runnings apps: ['A0'] 
DEBUG:root:Coordinator - Evaluating A0
DEBUG:root:Coordinator - A0 is running
DEBUG:root:Coordinator - Node: 1, User: 10
DEBUG:root:Coordinator - Returning path for A0 from 1 and DC5 with 10 users: ['1', 'LINK2', 'LINK3', 'LINK6', 'LINK13', 'DC5']
DEBUG:root:Coordinator - Node: 0, User: 4
DEBUG:root:Coordinator - Returning path for A0 from 0 and DC5 with 4 users: ['0', 'LINK0', 'LINK1', 'LINK6', 'LINK13', 'DC5']
DEBUG:root:Coordinator - Node: 3, User: 50
DEBUG:root:Coordinator - Returning path for A0 from 3 and DC5 with 50 users: ['3', 'LINK7', 'LINK8', 'DC5']
DEBUG:root:Coordinator - Node: 2, User: 25
DEBUG:root:Coordinator - Returning path for A0 from 2 and DC5 with 25 users: ['2', 'LINK4', 'LINK5', 'LINK6', 'LINK13', 'DC5']
DEBUG:root:Coordinator - Node: 5, User: 50
DEBUG:root:Coordinator - Returning path for A0 from 5 and DC5 with 50 users: ['5', 'LINK11', 'LINK12', 'DC5']
DEBUG:root:Coordinator - Node: 4, User: 63
DEBUG:root:Coordinator - Returning path for A0 from 4 and DC5 with 63 users: ['4', 'LINK9', 'LINK10', 'DC5']
DEBUG:root:Coordinator - Node: 7, User: 10
DEBUG:root:Coordinator - Returning path for A0 from 7 and DC5 with 10 users: ['7', 'LINK16', 'LINK17', 'LINK20', 'LINK13', 'DC5']
DEBUG:root:Coordinator - Node: 6, User: 25
DEBUG:root:Coordinator - Returning path for A0 from 6 and DC5 with 25 users: ['6', 'LINK14', 'LINK15', 'LINK20', 'LINK13', 'DC5']
DEBUG:root:Coordinator - Node: 8, User: 4
DEBUG:root:Coordinator - Returning path for A0 from 8 and DC5 with 4 users: ['8', 'LINK18', 'LINK19', 'LINK20', 'LINK13', 'DC5']
DEBUG:root:Coordinator - Current apps from workload: ['A0']
DEBUG:root:Coordinator - apps need to be removed: []
DEBUG:root:Coordinator - apps needs to be scheduled : [] 
DEBUG:root:rrScheduler - attempting to schedule []
INFO:root:Simulation Done
INFO:root:Composing results
